<?xml version="1.0" encoding="UTF-8"?>
<!-- Generated by org.testng.reporters.JUnitXMLReporter -->
<testsuite hostname="EPUAKYIW0B4F" name="Posts scenarios" tests="3" failures="0" timestamp="16 Apr 2021 17:58:35 GMT" time="6.221" errors="0">
  <testcase name="createUserPost" time="3.869" classname="gorest.scenarios.PostsScenario"/>
  <testcase name="getAllPosts" time="1.175" classname="gorest.scenarios.PostsScenario"/>
  <testcase name="getUserPosts" time="1.175" classname="gorest.scenarios.PostsScenario"/>
</testsuite> <!-- Posts scenarios -->
