<?xml version="1.0" encoding="UTF-8"?>
<!-- Generated by org.testng.reporters.JUnitXMLReporter -->
<testsuite hostname="EPUAKYIW0B4F" name="Users scenarios" tests="3" failures="0" timestamp="16 Apr 2021 17:58:29 GMT" time="8.91" errors="0">
  <testcase name="createNewUserAndDelete" time="4.039" classname="gorest.scenarios.UsersScenario"/>
  <testcase name="getAllUsers" time="1.219" classname="gorest.scenarios.UsersScenario"/>
  <testcase name="updateUser" time="3.641" classname="gorest.scenarios.UsersScenario"/>
</testsuite> <!-- Users scenarios -->
